<?xml version="1.0" encoding="UTF-8"?>
<!-- Generated by org.testng.reporters.JUnitReportReporter -->
<testsuite hostname="Win10Auto14" failures="0" tests="3" name="testRunner.TestngTestRunner" time="31.305" errors="0" timestamp="2024-01-28T21:56:15 PST" skipped="0">
  <testcase classname="testRunner.TestngTestRunner" name="runScenario" time="10.371"/>
  <system-out/>
  <testcase classname="testRunner.TestngTestRunner" name="runScenario" time="10.470"/>
  <system-out/>
  <testcase classname="testRunner.TestngTestRunner" name="runScenario" time="10.464"/>
  <system-out/>
</testsuite> <!-- testRunner.TestngTestRunner -->
